<?xml version="1.0" encoding="UTF-8"?>
<!-- Generated by org.testng.reporters.JUnitReportReporter -->
<testsuite hostname="Yair-PC" name="com.javacodekava.testng.maven.TestNgMavenExampleTest" tests="2" failures="0" timestamp="23 Mar 2016 10:03:22 GMT" time="0.003" errors="0">
  <testcase name="exampleOfTestMaven_2" time="0.001" classname="com.javacodekava.testng.maven.TestNgMavenExampleTest"/>
  <testcase name="exampleOfTestMaven_3" time="0.002" classname="com.javacodekava.testng.maven.TestNgMavenExampleTest"/>
</testsuite> <!-- com.javacodekava.testng.maven.TestNgMavenExampleTest -->
